<?xml version="1.0" encoding="UTF-8"?>
<testng-results ignored="0" total="2" passed="2" failed="0" skipped="0">
  <reporter-output>
  </reporter-output>
  <suite started-at="2024-01-23T15:46:33 IST" name="Suite" finished-at="2024-01-23T15:46:39 IST" duration-ms="6174">
    <groups>
    </groups>
    <test started-at="2024-01-23T15:46:33 IST" name="Test" finished-at="2024-01-23T15:46:39 IST" duration-ms="6174">
      <class name="test.testClass">
        <test-method signature="method1()[pri:0, instance:test.testClass@3a7442c7]" started-at="2024-01-23T15:46:33 IST" name="method1" finished-at="2024-01-23T15:46:38 IST" duration-ms="5215" status="PASS">
          <reporter-output>
          </reporter-output>
        </test-method> <!-- method1 -->
        <test-method signature="method2()[pri:1, instance:test.testClass@3a7442c7]" started-at="2024-01-23T15:46:38 IST" name="method2" finished-at="2024-01-23T15:46:39 IST" duration-ms="896" status="PASS">
          <reporter-output>
          </reporter-output>
        </test-method> <!-- method2 -->
      </class> <!-- test.testClass -->
    </test> <!-- Test -->
  </suite> <!-- Suite -->
</testng-results>
